  Mesh.cpp
D:\VIsualStudio\CG_Final\CG_Final\Edge.h(23,1): warning C4150: 불완전한 형식 'Cost'에 대한 포인터를 삭제했습니다. 소멸자가 호출되지 않습니다.
D:\VIsualStudio\CG_Final\CG_Final\Edge.h(3): message : 'Cost' 선언을 참조하십시오.
D:\VIsualStudio\CG_Final\CG_Final\Mesh.cpp(231,20): warning C4018: '<': signed 또는 unsigned가 일치하지 않습니다.
D:\VIsualStudio\CG_Final\CG_Final\Mesh.cpp(490,20): warning C4018: '<': signed 또는 unsigned가 일치하지 않습니다.
D:\VIsualStudio\CG_Final\CG_Final\Mesh.cpp(493,20): warning C4018: '<': signed 또는 unsigned가 일치하지 않습니다.
D:\VIsualStudio\CG_Final\CG_Final\Mesh.cpp(496,20): warning C4018: '<': signed 또는 unsigned가 일치하지 않습니다.
D:\VIsualStudio\CG_Final\CG_Final\Mesh.cpp(516,20): warning C4018: '<': signed 또는 unsigned가 일치하지 않습니다.
D:\VIsualStudio\CG_Final\CG_Final\vectorExtension.h(21,20): warning C4018: '<': signed 또는 unsigned가 일치하지 않습니다.
D:\VIsualStudio\CG_Final\CG_Final\Face.h(26): message : 컴파일되는 함수 템플릿 인스턴스화 'int GetIndex<Vertex>(std::vector<Vertex *,std::allocator<Vertex *>> &,T *)'에 대한 참조를 확인하세요.
          with
          [
              T=Vertex
          ]
D:\VIsualStudio\CG_Final\CG_Final\vectorExtension.h(11,20): warning C4018: '<': signed 또는 unsigned가 일치하지 않습니다.
D:\VIsualStudio\CG_Final\CG_Final\Face.h(29): message : 컴파일되는 함수 템플릿 인스턴스화 'bool IsContain<Vertex>(std::vector<Vertex *,std::allocator<Vertex *>> &,T *)'에 대한 참조를 확인하세요.
          with
          [
              T=Vertex
          ]
  코드를 생성하고 있습니다.
  27 of 487 functions ( 5.5%) were compiled, the rest were copied from previous compilation.
    13 functions were new in current compilation
    8 functions had inline decision re-evaluated but remain unchanged
  코드를 생성했습니다.
  CG_Final.vcxproj -> D:\VIsualStudio\CG_Final\Release\CG_Final.exe
