c:\users\topgu\onedrive\docume~1-desktop-c5eqgfi-11\github\qem_loopsubdivision\cg_final\cg_final\debug\vc143.pdb
c:\users\topgu\onedrive\docume~1-desktop-c5eqgfi-11\github\qem_loopsubdivision\cg_final\cg_final\debug\vc143.idb
c:\users\topgu\onedrive\docume~1-desktop-c5eqgfi-11\github\qem_loopsubdivision\cg_final\cg_final\debug\mesh.obj
c:\users\topgu\onedrive\docume~1-desktop-c5eqgfi-11\github\qem_loopsubdivision\cg_final\cg_final\debug\textfile.obj
c:\users\topgu\onedrive\docume~1-desktop-c5eqgfi-11\github\qem_loopsubdivision\cg_final\cg_final\debug\cg_final.obj
c:\users\topgu\onedrive\docume~1-desktop-c5eqgfi-11\github\qem_loopsubdivision\cg_final\cg_final\debug\vectorextension.obj
c:\users\topgu\onedrive\docume~1-desktop-c5eqgfi-11\github\qem_loopsubdivision\cg_final\debug\cg_final.pdb
c:\users\topgu\onedrive\docume~1-desktop-c5eqgfi-11\github\qem_loopsubdivision\cg_final\cg_final\debug\cg_final.tlog\cl.command.1.tlog
c:\users\topgu\onedrive\docume~1-desktop-c5eqgfi-11\github\qem_loopsubdivision\cg_final\cg_final\debug\cg_final.tlog\cl.read.1.tlog
c:\users\topgu\onedrive\docume~1-desktop-c5eqgfi-11\github\qem_loopsubdivision\cg_final\cg_final\debug\cg_final.tlog\cl.write.1.tlog
c:\users\topgu\onedrive\docume~1-desktop-c5eqgfi-11\github\qem_loopsubdivision\cg_final\cg_final\debug\cg_final.tlog\link-cvtres.read.1.tlog
c:\users\topgu\onedrive\docume~1-desktop-c5eqgfi-11\github\qem_loopsubdivision\cg_final\cg_final\debug\cg_final.tlog\link-cvtres.write.1.tlog
c:\users\topgu\onedrive\docume~1-desktop-c5eqgfi-11\github\qem_loopsubdivision\cg_final\cg_final\debug\cg_final.tlog\link-rc.read.1.tlog
c:\users\topgu\onedrive\docume~1-desktop-c5eqgfi-11\github\qem_loopsubdivision\cg_final\cg_final\debug\cg_final.tlog\link-rc.write.1.tlog
c:\users\topgu\onedrive\docume~1-desktop-c5eqgfi-11\github\qem_loopsubdivision\cg_final\cg_final\debug\cg_final.tlog\link.2104-cvtres.read.1.tlog
c:\users\topgu\onedrive\docume~1-desktop-c5eqgfi-11\github\qem_loopsubdivision\cg_final\cg_final\debug\cg_final.tlog\link.2104-cvtres.write.1.tlog
c:\users\topgu\onedrive\docume~1-desktop-c5eqgfi-11\github\qem_loopsubdivision\cg_final\cg_final\debug\cg_final.tlog\link.2104-rc.read.1.tlog
c:\users\topgu\onedrive\docume~1-desktop-c5eqgfi-11\github\qem_loopsubdivision\cg_final\cg_final\debug\cg_final.tlog\link.2104-rc.write.1.tlog
c:\users\topgu\onedrive\docume~1-desktop-c5eqgfi-11\github\qem_loopsubdivision\cg_final\cg_final\debug\cg_final.tlog\link.2104.read.1.tlog
c:\users\topgu\onedrive\docume~1-desktop-c5eqgfi-11\github\qem_loopsubdivision\cg_final\cg_final\debug\cg_final.tlog\link.2104.write.1.tlog
c:\users\topgu\onedrive\docume~1-desktop-c5eqgfi-11\github\qem_loopsubdivision\cg_final\cg_final\debug\cg_final.tlog\link.command.1.tlog
c:\users\topgu\onedrive\docume~1-desktop-c5eqgfi-11\github\qem_loopsubdivision\cg_final\cg_final\debug\cg_final.tlog\link.read.1.tlog
c:\users\topgu\onedrive\docume~1-desktop-c5eqgfi-11\github\qem_loopsubdivision\cg_final\cg_final\debug\cg_final.tlog\link.write.1.tlog
